#
# There is insufficient memory for the Java Runtime Environment to continue.
# Native memory allocation (malloc) failed to allocate 1431830528 bytes for committing reserved memory.
# Possible reasons:
#   The system is out of physical RAM or swap space
#   In 32 bit mode, the process size limit was hit
# Possible solutions:
#   Reduce memory load on the system
#   Increase physical memory or swap space
#   Check if swap backing store is full
#   Use 64 bit Java on a 64 bit OS
#   Decrease Java heap size (-Xmx/-Xms)
#   Decrease number of Java threads
#   Decrease Java thread stack sizes (-Xss)
#   Set larger code cache with -XX:ReservedCodeCacheSize=
# This output file may be truncated or incomplete.
#
#  Out of Memory Error (os_linux.cpp:2756), pid=27251, tid=139700912961280
#
# JRE version:  (7.0_79-b15) (build )
# Java VM: Java HotSpot(TM) 64-Bit Server VM (24.79-b02 mixed mode linux-amd64 compressed oops)
# Failed to write core dump. Core dumps have been disabled. To enable core dumping, try "ulimit -c unlimited" before starting Java again
#

---------------  T H R E A D  ---------------

Current thread (0x00007f0ea000a000):  JavaThread "Unknown thread" [_thread_in_vm, id=27262, stack(0x00007f0ea73ab000,0x00007f0ea74ac000)]

Stack: [0x00007f0ea73ab000,0x00007f0ea74ac000],  sp=0x00007f0ea74aa230,  free space=1020k
Native frames: (J=compiled Java code, j=interpreted, Vv=VM code, C=native code)
V  [libjvm.so+0x9a32da]  VMError::report_and_die()+0x2ea
V  [libjvm.so+0x497f7b]  report_vm_out_of_memory(char const*, int, unsigned long, char const*)+0x9b
V  [libjvm.so+0x81fcce]  os::Linux::commit_memory_impl(char*, unsigned long, bool)+0xfe
V  [libjvm.so+0x820219]  os::pd_commit_memory(char*, unsigned long, unsigned long, bool)+0x29
V  [libjvm.so+0x819faa]  os::commit_memory(char*, unsigned long, unsigned long, bool)+0x2a
V  [libjvm.so+0x88d863]  PSVirtualSpace::expand_by(unsigned long)+0x53
V  [libjvm.so+0x87c4d3]  PSOldGen::initialize(ReservedSpace, unsigned long, char const*, int)+0x103
V  [libjvm.so+0x29a9b3]  AdjoiningGenerations::AdjoiningGenerations(ReservedSpace, unsigned long, unsigned long, unsigned long, unsigned long, unsigned long, unsigned long, unsigned long)+0x3e3
V  [libjvm.so+0x8415f5]  ParallelScavengeHeap::initialize()+0x4d5
V  [libjvm.so+0x9751aa]  Universe::initialize_heap()+0xca
V  [libjvm.so+0x976379]  universe_init()+0x79
V  [libjvm.so+0x5b1d25]  init_globals()+0x65
V  [libjvm.so+0x95dc6d]  Threads::create_vm(JavaVMInitArgs*, bool*)+0x1ed
V  [libjvm.so+0x639fe4]  JNI_CreateJavaVM+0x74
C  [libjli.so+0x2f8e]  JavaMain+0x9e


---------------  P R O C E S S  ---------------

Java Threads: ( => current thread )

Other Threads:

=>0x00007f0ea000a000 (exited) JavaThread "Unknown thread" [_thread_in_vm, id=27262, stack(0x00007f0ea73ab000,0x00007f0ea74ac000)]

VM state:not at safepoint (not fully initialized)

VM Mutex/Monitor currently owned by a thread: None

GC Heap History (0 events):
No events

Deoptimization events (0 events):
No events

Internal exceptions (0 events):
No events

Events (0 events):
No events


Dynamic libraries:
00400000-00401000 r-xp 00000000 08:01 2101261                            /usr/lib/jvm/jdk1.7.0_79/bin/java
00600000-00601000 rw-p 00000000 08:01 2101261                            /usr/lib/jvm/jdk1.7.0_79/bin/java
023dc000-023fd000 rw-p 00000000 00:00 0                                  [heap]
6c0000000-700000000 rw-p 00000000 00:00 0 
755580000-7aaa80000 rw-p 00000000 00:00 0 
7aaa80000-7d5580000 rw-p 00000000 00:00 0 
7d5580000-800000000 rw-p 00000000 00:00 0 
7f0e9c5ff000-7f0e9cd54000 rw-p 00000000 00:00 0 
7f0e9cd54000-7f0e9ceaa000 rw-p 00000000 00:00 0 
7f0e9ceaa000-7f0e9cfff000 rw-p 00000000 00:00 0 
7f0e9cfff000-7f0e9d000000 rw-p 00000000 00:00 0 
7f0e9d000000-7f0e9d270000 rwxp 00000000 00:00 0 
7f0e9d270000-7f0ea0025000 rw-p 00000000 00:00 0 
7f0ea0025000-7f0ea4000000 ---p 00000000 00:00 0 
7f0ea444a000-7f0ea4692000 rw-p 00000000 00:00 0 
7f0ea4692000-7f0ea46ac000 r-xp 00000000 08:01 3018176                    /usr/lib/jvm/jdk1.7.0_79/jre/lib/amd64/libzip.so
7f0ea46ac000-7f0ea48ac000 ---p 0001a000 08:01 3018176                    /usr/lib/jvm/jdk1.7.0_79/jre/lib/amd64/libzip.so
7f0ea48ac000-7f0ea48ad000 rw-p 0001a000 08:01 3018176                    /usr/lib/jvm/jdk1.7.0_79/jre/lib/amd64/libzip.so
7f0ea48ad000-7f0ea48b8000 r-xp 00000000 08:01 1048602                    /lib/x86_64-linux-gnu/libnss_files-2.19.so
7f0ea48b8000-7f0ea4ab7000 ---p 0000b000 08:01 1048602                    /lib/x86_64-linux-gnu/libnss_files-2.19.so
7f0ea4ab7000-7f0ea4ab8000 r--p 0000a000 08:01 1048602                    /lib/x86_64-linux-gnu/libnss_files-2.19.so
7f0ea4ab8000-7f0ea4ab9000 rw-p 0000b000 08:01 1048602                    /lib/x86_64-linux-gnu/libnss_files-2.19.so
7f0ea4ab9000-7f0ea4ac4000 r-xp 00000000 08:01 1052570                    /lib/x86_64-linux-gnu/libnss_nis-2.19.so
7f0ea4ac4000-7f0ea4cc3000 ---p 0000b000 08:01 1052570                    /lib/x86_64-linux-gnu/libnss_nis-2.19.so
7f0ea4cc3000-7f0ea4cc4000 r--p 0000a000 08:01 1052570                    /lib/x86_64-linux-gnu/libnss_nis-2.19.so
7f0ea4cc4000-7f0ea4cc5000 rw-p 0000b000 08:01 1052570                    /lib/x86_64-linux-gnu/libnss_nis-2.19.so
7f0ea4cc5000-7f0ea4cdc000 r-xp 00000000 08:01 1048671                    /lib/x86_64-linux-gnu/libnsl-2.19.so
7f0ea4cdc000-7f0ea4edb000 ---p 00017000 08:01 1048671                    /lib/x86_64-linux-gnu/libnsl-2.19.so
7f0ea4edb000-7f0ea4edc000 r--p 00016000 08:01 1048671                    /lib/x86_64-linux-gnu/libnsl-2.19.so
7f0ea4edc000-7f0ea4edd000 rw-p 00017000 08:01 1048671                    /lib/x86_64-linux-gnu/libnsl-2.19.so
7f0ea4edd000-7f0ea4edf000 rw-p 00000000 00:00 0 
7f0ea4edf000-7f0ea4ee8000 r-xp 00000000 08:01 1048670                    /lib/x86_64-linux-gnu/libnss_compat-2.19.so
7f0ea4ee8000-7f0ea50e7000 ---p 00009000 08:01 1048670                    /lib/x86_64-linux-gnu/libnss_compat-2.19.so
7f0ea50e7000-7f0ea50e8000 r--p 00008000 08:01 1048670                    /lib/x86_64-linux-gnu/libnss_compat-2.19.so
7f0ea50e8000-7f0ea50e9000 rw-p 00009000 08:01 1048670                    /lib/x86_64-linux-gnu/libnss_compat-2.19.so
7f0ea50e9000-7f0ea5112000 r-xp 00000000 08:01 3018144                    /usr/lib/jvm/jdk1.7.0_79/jre/lib/amd64/libjava.so
7f0ea5112000-7f0ea5312000 ---p 00029000 08:01 3018144                    /usr/lib/jvm/jdk1.7.0_79/jre/lib/amd64/libjava.so
7f0ea5312000-7f0ea5314000 rw-p 00029000 08:01 3018144                    /usr/lib/jvm/jdk1.7.0_79/jre/lib/amd64/libjava.so
7f0ea5314000-7f0ea5321000 r-xp 00000000 08:01 3018169                    /usr/lib/jvm/jdk1.7.0_79/jre/lib/amd64/libverify.so
7f0ea5321000-7f0ea5520000 ---p 0000d000 08:01 3018169                    /usr/lib/jvm/jdk1.7.0_79/jre/lib/amd64/libverify.so
7f0ea5520000-7f0ea5522000 rw-p 0000c000 08:01 3018169                    /usr/lib/jvm/jdk1.7.0_79/jre/lib/amd64/libverify.so
7f0ea5522000-7f0ea5529000 r-xp 00000000 08:01 1048679                    /lib/x86_64-linux-gnu/librt-2.19.so
7f0ea5529000-7f0ea5728000 ---p 00007000 08:01 1048679                    /lib/x86_64-linux-gnu/librt-2.19.so
7f0ea5728000-7f0ea5729000 r--p 00006000 08:01 1048679                    /lib/x86_64-linux-gnu/librt-2.19.so
7f0ea5729000-7f0ea572a000 rw-p 00007000 08:01 1048679                    /lib/x86_64-linux-gnu/librt-2.19.so
7f0ea572a000-7f0ea582f000 r-xp 00000000 08:01 1048595                    /lib/x86_64-linux-gnu/libm-2.19.so
7f0ea582f000-7f0ea5a2e000 ---p 00105000 08:01 1048595                    /lib/x86_64-linux-gnu/libm-2.19.so
7f0ea5a2e000-7f0ea5a2f000 r--p 00104000 08:01 1048595                    /lib/x86_64-linux-gnu/libm-2.19.so
7f0ea5a2f000-7f0ea5a30000 rw-p 00105000 08:01 1048595                    /lib/x86_64-linux-gnu/libm-2.19.so
7f0ea5a30000-7f0ea65a5000 r-xp 00000000 08:01 3670634                    /usr/lib/jvm/jdk1.7.0_79/jre/lib/amd64/server/libjvm.so
7f0ea65a5000-7f0ea67a5000 ---p 00b75000 08:01 3670634                    /usr/lib/jvm/jdk1.7.0_79/jre/lib/amd64/server/libjvm.so
7f0ea67a5000-7f0ea6869000 rw-p 00b75000 08:01 3670634                    /usr/lib/jvm/jdk1.7.0_79/jre/lib/amd64/server/libjvm.so
7f0ea6869000-7f0ea68aa000 rw-p 00000000 00:00 0 
7f0ea68aa000-7f0ea6a65000 r-xp 00000000 08:01 1048676                    /lib/x86_64-linux-gnu/libc-2.19.so
7f0ea6a65000-7f0ea6c64000 ---p 001bb000 08:01 1048676                    /lib/x86_64-linux-gnu/libc-2.19.so
7f0ea6c64000-7f0ea6c68000 r--p 001ba000 08:01 1048676                    /lib/x86_64-linux-gnu/libc-2.19.so
7f0ea6c68000-7f0ea6c6a000 rw-p 001be000 08:01 1048676                    /lib/x86_64-linux-gnu/libc-2.19.so
7f0ea6c6a000-7f0ea6c6f000 rw-p 00000000 00:00 0 
7f0ea6c6f000-7f0ea6c72000 r-xp 00000000 08:01 1048665                    /lib/x86_64-linux-gnu/libdl-2.19.so
7f0ea6c72000-7f0ea6e71000 ---p 00003000 08:01 1048665                    /lib/x86_64-linux-gnu/libdl-2.19.so
7f0ea6e71000-7f0ea6e72000 r--p 00002000 08:01 1048665                    /lib/x86_64-linux-gnu/libdl-2.19.so
7f0ea6e72000-7f0ea6e73000 rw-p 00003000 08:01 1048665                    /lib/x86_64-linux-gnu/libdl-2.19.so
7f0ea6e73000-7f0ea6e89000 r-xp 00000000 08:01 2231913                    /usr/lib/jvm/jdk1.7.0_79/lib/amd64/jli/libjli.so
7f0ea6e89000-7f0ea7089000 ---p 00016000 08:01 2231913                    /usr/lib/jvm/jdk1.7.0_79/lib/amd64/jli/libjli.so
7f0ea7089000-7f0ea708a000 rw-p 00016000 08:01 2231913                    /usr/lib/jvm/jdk1.7.0_79/lib/amd64/jli/libjli.so
7f0ea708a000-7f0ea70a3000 r-xp 00000000 08:01 1048677                    /lib/x86_64-linux-gnu/libpthread-2.19.so
7f0ea70a3000-7f0ea72a2000 ---p 00019000 08:01 1048677                    /lib/x86_64-linux-gnu/libpthread-2.19.so
7f0ea72a2000-7f0ea72a3000 r--p 00018000 08:01 1048677                    /lib/x86_64-linux-gnu/libpthread-2.19.so
7f0ea72a3000-7f0ea72a4000 rw-p 00019000 08:01 1048677                    /lib/x86_64-linux-gnu/libpthread-2.19.so
7f0ea72a4000-7f0ea72a8000 rw-p 00000000 00:00 0 
7f0ea72a8000-7f0ea72cb000 r-xp 00000000 08:01 1048673                    /lib/x86_64-linux-gnu/ld-2.19.so
7f0ea72eb000-7f0ea72f5000 rw-p 00000000 00:00 0 
7f0ea72f5000-7f0ea73ab000 rw-p 00000000 00:00 0 
7f0ea73ab000-7f0ea73ae000 ---p 00000000 00:00 0 
7f0ea73ae000-7f0ea74b0000 rw-p 00000000 00:00 0                          [stack:27262]
7f0ea74bc000-7f0ea74be000 rw-p 00000000 00:00 0 
7f0ea74be000-7f0ea74c6000 rw-s 00000000 08:01 3811036                    /tmp/hsperfdata_thanujau/27251
7f0ea74c6000-7f0ea74c7000 rw-p 00000000 00:00 0 
7f0ea74c7000-7f0ea74c8000 r--p 00000000 00:00 0 
7f0ea74c8000-7f0ea74ca000 rw-p 00000000 00:00 0 
7f0ea74ca000-7f0ea74cb000 r--p 00022000 08:01 1048673                    /lib/x86_64-linux-gnu/ld-2.19.so
7f0ea74cb000-7f0ea74cc000 rw-p 00023000 08:01 1048673                    /lib/x86_64-linux-gnu/ld-2.19.so
7f0ea74cc000-7f0ea74cd000 rw-p 00000000 00:00 0 
7ffe99c79000-7ffe99c9a000 rw-p 00000000 00:00 0                          [stack]
7ffe99daf000-7ffe99db1000 r-xp 00000000 00:00 0                          [vdso]
ffffffffff600000-ffffffffff601000 r-xp 00000000 00:00 0                  [vsyscall]

VM Arguments:
jvm_args: -Xms2048M -Xmx4096M -XX:MaxPermSize=1024M -Dclassworlds.conf=/usr/share/maven/bin/m2.conf -Dmaven.home=/usr/share/maven 
java_command: org.codehaus.plexus.classworlds.launcher.Launcher clean install
Launcher Type: SUN_STANDARD

Environment Variables:
JAVA_HOME=/usr/lib/jvm/jdk1.7.0_79
PATH=/usr/local/sbin:/usr/local/bin:/usr/sbin:/usr/bin:/sbin:/bin:/usr/games:/usr/local/games:/home/thanujau/bin:/usr/lib/jvm/jdk1.7.0_79/bin:/home/thanujau/Documents/axis2-1.6.2/bin:/usr/lib/hbase/hbase-1.0.1.1/bin:/usr/local/hadoop/bin:/usr/local/hadoop/sbin:/home/thanujau/bin:/usr/lib/jvm/jdk1.7.0_79/bin:/home/thanujau/Documents/axis2-1.6.2/bin:/usr/lib/hbase/hbase-1.0.1.1/bin:/usr/local/hadoop/bin:/usr/local/hadoop/sbin
LD_LIBRARY_PATH=/home/thanujau/idea-IU-141.1010.3/bin:
SHELL=/bin/bash
DISPLAY=:0

Signal Handlers:
SIGSEGV: [libjvm.so+0x9a3bf0], sa_mask[0]=0x7ffbfeff, sa_flags=0x10000004
SIGBUS: [libjvm.so+0x9a3bf0], sa_mask[0]=0x7ffbfeff, sa_flags=0x10000004
SIGFPE: [libjvm.so+0x81cb60], sa_mask[0]=0x7ffbfeff, sa_flags=0x10000004
SIGPIPE: [libjvm.so+0x81cb60], sa_mask[0]=0x7ffbfeff, sa_flags=0x10000004
SIGXFSZ: [libjvm.so+0x81cb60], sa_mask[0]=0x7ffbfeff, sa_flags=0x10000004
SIGILL: [libjvm.so+0x81cb60], sa_mask[0]=0x7ffbfeff, sa_flags=0x10000004
SIGUSR1: SIG_DFL, sa_mask[0]=0x00000000, sa_flags=0x00000000
SIGUSR2: [libjvm.so+0x81e360], sa_mask[0]=0x00000004, sa_flags=0x10000004
SIGHUP: SIG_DFL, sa_mask[0]=0x00000000, sa_flags=0x00000000
SIGINT: SIG_DFL, sa_mask[0]=0x00000000, sa_flags=0x00000000
SIGTERM: SIG_DFL, sa_mask[0]=0x00000000, sa_flags=0x00000000
SIGQUIT: SIG_DFL, sa_mask[0]=0x00000000, sa_flags=0x00000000


---------------  S Y S T E M  ---------------

OS:jessie/sid

uname:Linux 3.13.0-57-generic #95-Ubuntu SMP Fri Jun 19 09:28:15 UTC 2015 x86_64
libc:glibc 2.19 NPTL 2.19 
rlimit: STACK 8192k, CORE 0k, NPROC 61223, NOFILE 4096, AS infinity
load average:0.98 0.76 0.77

/proc/meminfo:
MemTotal:        7858272 kB
MemFree:          157164 kB
Buffers:           16908 kB
Cached:           742792 kB
SwapCached:        70420 kB
Active:          5787472 kB
Inactive:        1576288 kB
Active(anon):    5625520 kB
Inactive(anon):  1484372 kB
Active(file):     161952 kB
Inactive(file):    91916 kB
Unevictable:         104 kB
Mlocked:             104 kB
SwapTotal:       3905532 kB
SwapFree:         874256 kB
Dirty:             87488 kB
Writeback:             0 kB
AnonPages:       6538408 kB
Mapped:           285568 kB
Shmem:            505040 kB
Slab:             141952 kB
SReclaimable:      70164 kB
SUnreclaim:        71788 kB
KernelStack:       27272 kB
PageTables:        74076 kB
NFS_Unstable:          0 kB
Bounce:                0 kB
WritebackTmp:          0 kB
CommitLimit:     7834668 kB
Committed_AS:   21178492 kB
VmallocTotal:   34359738367 kB
VmallocUsed:      360888 kB
VmallocChunk:   34359365720 kB
HardwareCorrupted:     0 kB
AnonHugePages:   2387968 kB
HugePages_Total:       0
HugePages_Free:        0
HugePages_Rsvd:        0
HugePages_Surp:        0
Hugepagesize:       2048 kB
DirectMap4k:       77128 kB
DirectMap2M:     2746368 kB
DirectMap1G:     5242880 kB


CPU:total 8 (4 cores per cpu, 2 threads per core) family 6 model 60 stepping 3, cmov, cx8, fxsr, mmx, sse, sse2, sse3, ssse3, sse4.1, sse4.2, popcnt, avx, avx2, aes, erms, ht, tsc, tscinvbit

/proc/cpuinfo:
processor	: 0
vendor_id	: GenuineIntel
cpu family	: 6
model		: 60
model name	: Intel(R) Core(TM) i7-4810MQ CPU @ 2.80GHz
stepping	: 3
microcode	: 0x1c
cpu MHz		: 800.000
cache size	: 6144 KB
physical id	: 0
siblings	: 8
core id		: 0
cpu cores	: 4
apicid		: 0
initial apicid	: 0
fpu		: yes
fpu_exception	: yes
cpuid level	: 13
wp		: yes
flags		: fpu vme de pse tsc msr pae mce cx8 apic sep mtrr pge mca cmov pat pse36 clflush dts acpi mmx fxsr sse sse2 ss ht tm pbe syscall nx pdpe1gb rdtscp lm constant_tsc arch_perfmon pebs bts rep_good nopl xtopology nonstop_tsc aperfmperf eagerfpu pni pclmulqdq dtes64 monitor ds_cpl vmx smx est tm2 ssse3 fma cx16 xtpr pdcm pcid sse4_1 sse4_2 x2apic movbe popcnt tsc_deadline_timer aes xsave avx f16c rdrand lahf_lm abm ida arat epb xsaveopt pln pts dtherm tpr_shadow vnmi flexpriority ept vpid fsgsbase tsc_adjust bmi1 avx2 smep bmi2 erms invpcid
bogomips	: 5586.67
clflush size	: 64
cache_alignment	: 64
address sizes	: 39 bits physical, 48 bits virtual
power management:

processor	: 1
vendor_id	: GenuineIntel
cpu family	: 6
model		: 60
model name	: Intel(R) Core(TM) i7-4810MQ CPU @ 2.80GHz
stepping	: 3
microcode	: 0x1c
cpu MHz		: 800.000
cache size	: 6144 KB
physical id	: 0
siblings	: 8
core id		: 0
cpu cores	: 4
apicid		: 1
initial apicid	: 1
fpu		: yes
fpu_exception	: yes
cpuid level	: 13
wp		: yes
flags		: fpu vme de pse tsc msr pae mce cx8 apic sep mtrr pge mca cmov pat pse36 clflush dts acpi mmx fxsr sse sse2 ss ht tm pbe syscall nx pdpe1gb rdtscp lm constant_tsc arch_perfmon pebs bts rep_good nopl xtopology nonstop_tsc aperfmperf eagerfpu pni pclmulqdq dtes64 monitor ds_cpl vmx smx est tm2 ssse3 fma cx16 xtpr pdcm pcid sse4_1 sse4_2 x2apic movbe popcnt tsc_deadline_timer aes xsave avx f16c rdrand lahf_lm abm ida arat epb xsaveopt pln pts dtherm tpr_shadow vnmi flexpriority ept vpid fsgsbase tsc_adjust bmi1 avx2 smep bmi2 erms invpcid
bogomips	: 5586.67
clflush size	: 64
cache_alignment	: 64
address sizes	: 39 bits physical, 48 bits virtual
power management:

processor	: 2
vendor_id	: GenuineIntel
cpu family	: 6
model		: 60
model name	: Intel(R) Core(TM) i7-4810MQ CPU @ 2.80GHz
stepping	: 3
microcode	: 0x1c
cpu MHz		: 800.000
cache size	: 6144 KB
physical id	: 0
siblings	: 8
core id		: 1
cpu cores	: 4
apicid		: 2
initial apicid	: 2
fpu		: yes
fpu_exception	: yes
cpuid level	: 13
wp		: yes
flags		: fpu vme de pse tsc msr pae mce cx8 apic sep mtrr pge mca cmov pat pse36 clflush dts acpi mmx fxsr sse sse2 ss ht tm pbe syscall nx pdpe1gb rdtscp lm constant_tsc arch_perfmon pebs bts rep_good nopl xtopology nonstop_tsc aperfmperf eagerfpu pni pclmulqdq dtes64 monitor ds_cpl vmx smx est tm2 ssse3 fma cx16 xtpr pdcm pcid sse4_1 sse4_2 x2apic movbe popcnt tsc_deadline_timer aes xsave avx f16c rdrand lahf_lm abm ida arat epb xsaveopt pln pts dtherm tpr_shadow vnmi flexpriority ept vpid fsgsbase tsc_adjust bmi1 avx2 smep bmi2 erms invpcid
bogomips	: 5586.67
clflush size	: 64
cache_alignment	: 64
address sizes	: 39 bits physical, 48 bits virtual
power management:

processor	: 3
vendor_id	: GenuineIntel
cpu family	: 6
model		: 60
model name	: Intel(R) Core(TM) i7-4810MQ CPU @ 2.80GHz
stepping	: 3
microcode	: 0x1c
cpu MHz		: 2801.000
cache size	: 6144 KB
physical id	: 0
siblings	: 8
core id		: 1
cpu cores	: 4
apicid		: 3
initial apicid	: 3
fpu		: yes
fpu_exception	: yes
cpuid level	: 13
wp		: yes
flags		: fpu vme de pse tsc msr pae mce cx8 apic sep mtrr pge mca cmov pat pse36 clflush dts acpi mmx fxsr sse sse2 ss ht tm pbe syscall nx pdpe1gb rdtscp lm constant_tsc arch_perfmon pebs bts rep_good nopl xtopology nonstop_tsc aperfmperf eagerfpu pni pclmulqdq dtes64 monitor ds_cpl vmx smx est tm2 ssse3 fma cx16 xtpr pdcm pcid sse4_1 sse4_2 x2apic movbe popcnt tsc_deadline_timer aes xsave avx f16c rdrand lahf_lm abm ida arat epb xsaveopt pln pts dtherm tpr_shadow vnmi flexpriority ept vpid fsgsbase tsc_adjust bmi1 avx2 smep bmi2 erms invpcid
bogomips	: 5586.67
clflush size	: 64
cache_alignment	: 64
address sizes	: 39 bits physical, 48 bits virtual
power management:

processor	: 4
vendor_id	: GenuineIntel
cpu family	: 6
model		: 60
model name	: Intel(R) Core(TM) i7-4810MQ CPU @ 2.80GHz
stepping	: 3
microcode	: 0x1c
cpu MHz		: 800.000
cache size	: 6144 KB
physical id	: 0
siblings	: 8
core id		: 2
cpu cores	: 4
apicid		: 4
initial apicid	: 4
fpu		: yes
fpu_exception	: yes
cpuid level	: 13
wp		: yes
flags		: fpu vme de pse tsc msr pae mce cx8 apic sep mtrr pge mca cmov pat pse36 clflush dts acpi mmx fxsr sse sse2 ss ht tm pbe syscall nx pdpe1gb rdtscp lm constant_tsc arch_perfmon pebs bts rep_good nopl xtopology nonstop_tsc aperfmperf eagerfpu pni pclmulqdq dtes64 monitor ds_cpl vmx smx est tm2 ssse3 fma cx16 xtpr pdcm pcid sse4_1 sse4_2 x2apic movbe popcnt tsc_deadline_timer aes xsave avx f16c rdrand lahf_lm abm ida arat epb xsaveopt pln pts dtherm tpr_shadow vnmi flexpriority ept vpid fsgsbase tsc_adjust bmi1 avx2 smep bmi2 erms invpcid
bogomips	: 5586.67
clflush size	: 64
cache_alignment	: 64
address sizes	: 39 bits physical, 48 bits virtual
power management:

processor	: 5
vendor_id	: GenuineIntel
cpu family	: 6
model		: 60
model name	: Intel(R) Core(TM) i7-4810MQ CPU @ 2.80GHz
stepping	: 3
microcode	: 0x1c
cpu MHz		: 800.000
cache size	: 6144 KB
physical id	: 0
siblings	: 8
core id		: 2
cpu cores	: 4
apicid		: 5
initial apicid	: 5
fpu		: yes
fpu_exception	: yes
cpuid level	: 13
wp		: yes
flags		: fpu vme de pse tsc msr pae mce cx8 apic sep mtrr pge mca cmov pat pse36 clflush dts acpi mmx fxsr sse sse2 ss ht tm pbe syscall nx pdpe1gb rdtscp lm constant_tsc arch_perfmon pebs bts rep_good nopl xtopology nonstop_tsc aperfmperf eagerfpu pni pclmulqdq dtes64 monitor ds_cpl vmx smx est tm2 ssse3 fma cx16 xtpr pdcm pcid sse4_1 sse4_2 x2apic movbe popcnt tsc_deadline_timer aes xsave avx f16c rdrand lahf_lm abm ida arat epb xsaveopt pln pts dtherm tpr_shadow vnmi flexpriority ept vpid fsgsbase tsc_adjust bmi1 avx2 smep bmi2 erms invpcid
bogomips	: 5586.67
clflush size	: 64
cache_alignment	: 64
address sizes	: 39 bits physical, 48 bits virtual
power management:

processor	: 6
vendor_id	: GenuineIntel
cpu family	: 6
model		: 60
model name	: Intel(R) Core(TM) i7-4810MQ CPU @ 2.80GHz
stepping	: 3
microcode	: 0x1c
cpu MHz		: 800.000
cache size	: 6144 KB
physical id	: 0
siblings	: 8
core id		: 3
cpu cores	: 4
apicid		: 6
initial apicid	: 6
fpu		: yes
fpu_exception	: yes
cpuid level	: 13
wp		: yes
flags		: fpu vme de pse tsc msr pae mce cx8 apic sep mtrr pge mca cmov pat pse36 clflush dts acpi mmx fxsr sse sse2 ss ht tm pbe syscall nx pdpe1gb rdtscp lm constant_tsc arch_perfmon pebs bts rep_good nopl xtopology nonstop_tsc aperfmperf eagerfpu pni pclmulqdq dtes64 monitor ds_cpl vmx smx est tm2 ssse3 fma cx16 xtpr pdcm pcid sse4_1 sse4_2 x2apic movbe popcnt tsc_deadline_timer aes xsave avx f16c rdrand lahf_lm abm ida arat epb xsaveopt pln pts dtherm tpr_shadow vnmi flexpriority ept vpid fsgsbase tsc_adjust bmi1 avx2 smep bmi2 erms invpcid
bogomips	: 5586.67
clflush size	: 64
cache_alignment	: 64
address sizes	: 39 bits physical, 48 bits virtual
power management:

processor	: 7
vendor_id	: GenuineIntel
cpu family	: 6
model		: 60
model name	: Intel(R) Core(TM) i7-4810MQ CPU @ 2.80GHz
stepping	: 3
microcode	: 0x1c
cpu MHz		: 800.000
cache size	: 6144 KB
physical id	: 0
siblings	: 8
core id		: 3
cpu cores	: 4
apicid		: 7
initial apicid	: 7
fpu		: yes
fpu_exception	: yes
cpuid level	: 13
wp		: yes
flags		: fpu vme de pse tsc msr pae mce cx8 apic sep mtrr pge mca cmov pat pse36 clflush dts acpi mmx fxsr sse sse2 ss ht tm pbe syscall nx pdpe1gb rdtscp lm constant_tsc arch_perfmon pebs bts rep_good nopl xtopology nonstop_tsc aperfmperf eagerfpu pni pclmulqdq dtes64 monitor ds_cpl vmx smx est tm2 ssse3 fma cx16 xtpr pdcm pcid sse4_1 sse4_2 x2apic movbe popcnt tsc_deadline_timer aes xsave avx f16c rdrand lahf_lm abm ida arat epb xsaveopt pln pts dtherm tpr_shadow vnmi flexpriority ept vpid fsgsbase tsc_adjust bmi1 avx2 smep bmi2 erms invpcid
bogomips	: 5586.67
clflush size	: 64
cache_alignment	: 64
address sizes	: 39 bits physical, 48 bits virtual
power management:



Memory: 4k page, physical 7858272k(157164k free), swap 3905532k(874256k free)

vm_info: Java HotSpot(TM) 64-Bit Server VM (24.79-b02) for linux-amd64 JRE (1.7.0_79-b15), built on Apr 10 2015 11:34:48 by "java_re" with gcc 4.3.0 20080428 (Red Hat 4.3.0-8)

time: Wed Sep 16 10:39:13 2015
elapsed time: 0 seconds

